2018-05-21 10:26:06.284  INFO 14424 --- [main] c.h.a.AuthenticationApplication          : Starting AuthenticationApplication on L-JBDT6H2 with PID 14424 (C:\Users\o792389\IdeaProjects\pm-authentication-api\out\production\classes started by o792389 in C:\Users\o792389\IdeaProjects\pm-authentication-api)
2018-05-21 10:26:06.298  INFO 14424 --- [main] c.h.a.AuthenticationApplication          : The following profiles are active: dev
2018-05-21 10:26:06.466  INFO 14424 --- [main] ConfigServletWebServerApplicationContext : Refreshing org.springframework.boot.web.servlet.context.AnnotationConfigServletWebServerApplicationContext@479d31f3: startup date [Mon May 21 10:26:06 CDT 2018]; root of context hierarchy
2018-05-21 10:26:09.227  INFO 14424 --- [main] trationDelegate$BeanPostProcessorChecker : Bean 'org.springframework.transaction.annotation.ProxyTransactionManagementConfiguration' of type [org.springframework.transaction.annotation.ProxyTransactionManagementConfiguration$$EnhancerBySpringCGLIB$$1baa84dd] is not eligible for getting processed by all BeanPostProcessors (for example: not eligible for auto-proxying)
2018-05-21 10:26:09.299  INFO 14424 --- [main] trationDelegate$BeanPostProcessorChecker : Bean 'org.springframework.security.config.annotation.configuration.ObjectPostProcessorConfiguration' of type [org.springframework.security.config.annotation.configuration.ObjectPostProcessorConfiguration$$EnhancerBySpringCGLIB$$b4584d17] is not eligible for getting processed by all BeanPostProcessors (for example: not eligible for auto-proxying)
2018-05-21 10:26:09.316  INFO 14424 --- [main] trationDelegate$BeanPostProcessorChecker : Bean 'objectPostProcessor' of type [org.springframework.security.config.annotation.configuration.AutowireBeanFactoryObjectPostProcessor] is not eligible for getting processed by all BeanPostProcessors (for example: not eligible for auto-proxying)
2018-05-21 10:26:09.318  INFO 14424 --- [main] trationDelegate$BeanPostProcessorChecker : Bean 'org.springframework.security.access.expression.method.DefaultMethodSecurityExpressionHandler@178270b2' of type [org.springframework.security.access.expression.method.DefaultMethodSecurityExpressionHandler] is not eligible for getting processed by all BeanPostProcessors (for example: not eligible for auto-proxying)
2018-05-21 10:26:09.327  INFO 14424 --- [main] trationDelegate$BeanPostProcessorChecker : Bean 'org.springframework.security.config.annotation.method.configuration.GlobalMethodSecurityConfiguration' of type [org.springframework.security.config.annotation.method.configuration.GlobalMethodSecurityConfiguration$$EnhancerBySpringCGLIB$$d92cefc9] is not eligible for getting processed by all BeanPostProcessors (for example: not eligible for auto-proxying)
2018-05-21 10:26:09.337  INFO 14424 --- [main] trationDelegate$BeanPostProcessorChecker : Bean 'methodSecurityMetadataSource' of type [org.springframework.security.access.method.DelegatingMethodSecurityMetadataSource] is not eligible for getting processed by all BeanPostProcessors (for example: not eligible for auto-proxying)
2018-05-21 10:26:09.824  INFO 14424 --- [main] o.s.b.w.embedded.tomcat.TomcatWebServer  : Tomcat initialized with port(s): 8080 (http)
2018-05-21 10:26:09.853  INFO 14424 --- [main] o.apache.catalina.core.StandardService   : Starting service [Tomcat]
2018-05-21 10:26:09.854  INFO 14424 --- [main] org.apache.catalina.core.StandardEngine  : Starting Servlet Engine: Apache Tomcat/8.5.29
2018-05-21 10:26:09.862  INFO 14424 --- [localhost-startStop-1] o.a.catalina.core.AprLifecycleListener   : The APR based Apache Tomcat Native library which allows optimal performance in production environments was not found on the java.library.path: [C:\Program Files\Java\jdk1.8.0_162\bin;C:\Windows\Sun\Java\bin;C:\Windows\system32;C:\Windows;C:\Program Files\Docker\Docker\Resources\bin;C:\Program Files (x86)\Intel\iCLS Client\;C:\Program Files\Intel\iCLS Client\;c:\Program Files (x86)\RSA SecurID Token Common;C:\ProgramData\Oracle\Java\javapath;C:\Windows\system32;C:\Windows;C:\Windows\System32\Wbem;C:\Windows\System32\WindowsPowerShell\v1.0\;C:\Windows\CCM;C:\Program Files (x86)\FortisWeb\;C:\Program Files (x86)\FortisWeb\Viewers;C:\Program Files (x86)\Intel\Intel(R) Management Engine Components\DAL;C:\Program Files\Intel\Intel(R) Management Engine Components\DAL;C:\Program Files (x86)\Intel\Intel(R) Management Engine Components\IPT;C:\Program Files\Intel\Intel(R) Management Engine Components\IPT;C:\Program Files\Intel\WiFi\bin\;C:\Program Files\Common Files\Intel\WirelessCommon\;C:\Program Files\PuTTY\;C:\Program Files\MySQL\MySQL Utilities 1.6\;C:\Gradle\gradle-2.2.1\bin;C:\Program Files\Java\jdk1.8.0_162\bin;C:\Program Files\Java\jdk-9.0.1;C:\Apache\apache-maven-3.5.2-bin;C:\Program Files\nodejs\;C:\Users\o792389\AppData\Local\Microsoft\WindowsApps;C:\Gradle\gradle-4.4.1-all\bin;C:\Users\o792389\AppData\Roaming\npm;.]
2018-05-21 10:26:10.250  INFO 14424 --- [localhost-startStop-1] o.a.c.c.C.[.[localhost].[/pm_auth]       : Initializing Spring embedded WebApplicationContext
2018-05-21 10:26:10.260  INFO 14424 --- [localhost-startStop-1] o.s.web.context.ContextLoader            : Root WebApplicationContext: initialization completed in 3793 ms
2018-05-21 10:26:11.907  INFO 14424 --- [localhost-startStop-1] com.zaxxer.hikari.HikariDataSource       : HikariPool-1 - Starting...
2018-05-21 10:26:12.608  INFO 14424 --- [localhost-startStop-1] com.zaxxer.hikari.pool.PoolBase          : HikariPool-1 - Driver does not support get/set network timeout for connections. (oracle.jdbc.driver.T4CConnection.getNetworkTimeout()I)
2018-05-21 10:26:12.683  INFO 14424 --- [localhost-startStop-1] com.zaxxer.hikari.HikariDataSource       : HikariPool-1 - Start completed.
2018-05-21 10:26:12.808  INFO 14424 --- [localhost-startStop-1] j.LocalContainerEntityManagerFactoryBean : Building JPA container EntityManagerFactory for persistence unit 'default'
2018-05-21 10:26:12.845  INFO 14424 --- [localhost-startStop-1] o.hibernate.jpa.internal.util.LogHelper  : HHH000204: Processing PersistenceUnitInfo [
	name: default
	...]
2018-05-21 10:26:12.971  INFO 14424 --- [localhost-startStop-1] org.hibernate.Version                    : HHH000412: Hibernate Core {5.2.16.Final}
2018-05-21 10:26:12.980  INFO 14424 --- [localhost-startStop-1] org.hibernate.cfg.Environment            : HHH000206: hibernate.properties not found
2018-05-21 10:26:13.038  INFO 14424 --- [localhost-startStop-1] o.hibernate.annotations.common.Version   : HCANN000001: Hibernate Commons Annotations {5.0.1.Final}
2018-05-21 10:26:13.254  INFO 14424 --- [localhost-startStop-1] org.hibernate.dialect.Dialect            : HHH000400: Using dialect: org.hibernate.dialect.Oracle10gDialect
2018-05-21 10:26:14.123  INFO 14424 --- [localhost-startStop-1] j.LocalContainerEntityManagerFactoryBean : Initialized JPA EntityManagerFactory for persistence unit 'default'
2018-05-21 10:26:14.913  INFO 14424 --- [localhost-startStop-1] o.s.b.w.servlet.FilterRegistrationBean   : Mapping filter: 'characterEncodingFilter' to: [/*]
2018-05-21 10:26:14.914  INFO 14424 --- [localhost-startStop-1] o.s.b.w.servlet.FilterRegistrationBean   : Mapping filter: 'hiddenHttpMethodFilter' to: [/*]
2018-05-21 10:26:14.914  INFO 14424 --- [localhost-startStop-1] o.s.b.w.servlet.FilterRegistrationBean   : Mapping filter: 'httpPutFormContentFilter' to: [/*]
2018-05-21 10:26:14.914  INFO 14424 --- [localhost-startStop-1] o.s.b.w.servlet.FilterRegistrationBean   : Mapping filter: 'requestContextFilter' to: [/*]
2018-05-21 10:26:14.922  INFO 14424 --- [localhost-startStop-1] .s.DelegatingFilterProxyRegistrationBean : Mapping filter: 'springSecurityFilterChain' to: [/*]
2018-05-21 10:26:14.922  INFO 14424 --- [localhost-startStop-1] o.s.b.w.servlet.FilterRegistrationBean   : Mapping filter: 'httpTraceFilter' to: [/*]
2018-05-21 10:26:14.922  INFO 14424 --- [localhost-startStop-1] o.s.b.w.servlet.FilterRegistrationBean   : Mapping filter: 'webMvcMetricsFilter' to: [/*]
2018-05-21 10:26:14.922  INFO 14424 --- [localhost-startStop-1] o.s.b.w.servlet.FilterRegistrationBean   : Mapping filter: 'loginFilter' to: [/*]
2018-05-21 10:26:14.930  INFO 14424 --- [localhost-startStop-1] o.s.b.w.servlet.FilterRegistrationBean   : Mapping filter: 'AuthFilter' to: [/*]
2018-05-21 10:26:14.930  INFO 14424 --- [localhost-startStop-1] o.s.b.w.servlet.ServletRegistrationBean  : Servlet dispatcherServlet mapped to [/]
2018-05-21 10:26:14.972  INFO 14424 --- [main] s.s.l.DefaultSpringSecurityContextSource :  URL 'ldap://cert-ovd.heb.com:389', root DN is ''
2018-05-21 10:26:15.072  INFO 14424 --- [main] s.s.l.DefaultSpringSecurityContextSource :  URL 'ldap://cert-ovd.heb.com:389', root DN is ''
2018-05-21 10:26:15.117  INFO 14424 --- [main] o.s.s.web.DefaultSecurityFilterChain     : Creating filter chain: Ant [pattern='/token'], []
2018-05-21 10:26:15.189  INFO 14424 --- [main] o.s.s.web.DefaultSecurityFilterChain     : Creating filter chain: org.springframework.security.web.util.matcher.AnyRequestMatcher@1, [org.springframework.security.web.context.request.async.WebAsyncManagerIntegrationFilter@6c42f2a1, org.springframework.security.web.context.SecurityContextPersistenceFilter@67fc2aad, org.springframework.security.web.header.HeaderWriterFilter@154bd49b, org.springframework.security.web.authentication.logout.LogoutFilter@33a3c44a, com.heb.authentication.security.jwt.JWTLoginFilter@77eec666, com.heb.authentication.security.jwt.JWTAuthenticationFilter@22c1a501, org.springframework.security.web.savedrequest.RequestCacheAwareFilter@680a66dd, org.springframework.security.web.servletapi.SecurityContextHolderAwareRequestFilter@7942a854, org.springframework.security.web.authentication.AnonymousAuthenticationFilter@17a703f5, org.springframework.security.web.session.SessionManagementFilter@20e3c449, org.springframework.security.web.access.ExceptionTranslationFilter@5580d62f, org.springframework.security.web.access.intercept.FilterSecurityInterceptor@47a7a101]
2018-05-21 10:26:15.333  INFO 14424 --- [main] o.s.w.s.handler.SimpleUrlHandlerMapping  : Mapped URL path [/**/favicon.ico] onto handler of type [class org.springframework.web.servlet.resource.ResourceHttpRequestHandler]
2018-05-21 10:26:15.495  INFO 14424 --- [main] s.w.s.m.m.a.RequestMappingHandlerAdapter : Looking for @ControllerAdvice: org.springframework.boot.web.servlet.context.AnnotationConfigServletWebServerApplicationContext@479d31f3: startup date [Mon May 21 10:26:06 CDT 2018]; root of context hierarchy
2018-05-21 10:26:15.578  WARN 14424 --- [main] aWebConfiguration$JpaWebMvcConfiguration : spring.jpa.open-in-view is enabled by default. Therefore, database queries may be performed during view rendering. Explicitly configure spring.jpa.open-in-view to disable this warning
2018-05-21 10:26:15.635  INFO 14424 --- [main] s.w.s.m.m.a.RequestMappingHandlerMapping : Mapped "{[/token],methods=[GET],produces=[application/json]}" onto public java.util.List<java.lang.String> com.heb.authentication.controller.RefreshTokenEndpoint.refreshToken(javax.servlet.http.HttpServletRequest,javax.servlet.http.HttpServletResponse) throws java.io.IOException,javax.servlet.ServletException
2018-05-21 10:26:15.641  INFO 14424 --- [main] s.w.s.m.m.a.RequestMappingHandlerMapping : Mapped "{[/error]}" onto public org.springframework.http.ResponseEntity<java.util.Map<java.lang.String, java.lang.Object>> org.springframework.boot.autoconfigure.web.servlet.error.BasicErrorController.error(javax.servlet.http.HttpServletRequest)
2018-05-21 10:26:15.642  INFO 14424 --- [main] s.w.s.m.m.a.RequestMappingHandlerMapping : Mapped "{[/error],produces=[text/html]}" onto public org.springframework.web.servlet.ModelAndView org.springframework.boot.autoconfigure.web.servlet.error.BasicErrorController.errorHtml(javax.servlet.http.HttpServletRequest,javax.servlet.http.HttpServletResponse)
2018-05-21 10:26:15.700  INFO 14424 --- [main] o.s.w.s.handler.SimpleUrlHandlerMapping  : Mapped URL path [/webjars/**] onto handler of type [class org.springframework.web.servlet.resource.ResourceHttpRequestHandler]
2018-05-21 10:26:15.700  INFO 14424 --- [main] o.s.w.s.handler.SimpleUrlHandlerMapping  : Mapped URL path [/**] onto handler of type [class org.springframework.web.servlet.resource.ResourceHttpRequestHandler]
2018-05-21 10:26:15.733  INFO 14424 --- [main] .m.m.a.ExceptionHandlerExceptionResolver : Detected @ExceptionHandler methods in globalExceptionHandler
2018-05-21 10:26:16.057  INFO 14424 --- [main] o.s.b.a.e.web.EndpointLinksResolver      : Exposing 2 endpoint(s) beneath base path '/actuator'
2018-05-21 10:26:16.070  INFO 14424 --- [main] s.b.a.e.w.s.WebMvcEndpointHandlerMapping : Mapped "{[/actuator/health],methods=[GET],produces=[application/vnd.spring-boot.actuator.v2+json || application/json]}" onto public java.lang.Object org.springframework.boot.actuate.endpoint.web.servlet.AbstractWebMvcEndpointHandlerMapping$OperationHandler.handle(javax.servlet.http.HttpServletRequest,java.util.Map<java.lang.String, java.lang.String>)
2018-05-21 10:26:16.071  INFO 14424 --- [main] s.b.a.e.w.s.WebMvcEndpointHandlerMapping : Mapped "{[/actuator/info],methods=[GET],produces=[application/vnd.spring-boot.actuator.v2+json || application/json]}" onto public java.lang.Object org.springframework.boot.actuate.endpoint.web.servlet.AbstractWebMvcEndpointHandlerMapping$OperationHandler.handle(javax.servlet.http.HttpServletRequest,java.util.Map<java.lang.String, java.lang.String>)
2018-05-21 10:26:16.071  INFO 14424 --- [main] s.b.a.e.w.s.WebMvcEndpointHandlerMapping : Mapped "{[/actuator],methods=[GET],produces=[application/vnd.spring-boot.actuator.v2+json || application/json]}" onto protected java.util.Map<java.lang.String, java.util.Map<java.lang.String, org.springframework.boot.actuate.endpoint.web.Link>> org.springframework.boot.actuate.endpoint.web.servlet.WebMvcEndpointHandlerMapping.links(javax.servlet.http.HttpServletRequest,javax.servlet.http.HttpServletResponse)
2018-05-21 10:26:16.152  INFO 14424 --- [main] o.s.j.e.a.AnnotationMBeanExporter        : Registering beans for JMX exposure on startup
2018-05-21 10:26:16.153  INFO 14424 --- [main] o.s.j.e.a.AnnotationMBeanExporter        : Bean with name 'arbafDataSource' has been autodetected for JMX exposure
2018-05-21 10:26:16.153  INFO 14424 --- [main] o.s.j.e.a.AnnotationMBeanExporter        : Bean with name 'primaryDataSource' has been autodetected for JMX exposure
2018-05-21 10:26:16.163  INFO 14424 --- [main] o.s.j.e.a.AnnotationMBeanExporter        : Located MBean 'primaryDataSource': registering with JMX server as MBean [com.zaxxer.hikari:name=primaryDataSource,type=HikariDataSource]
2018-05-21 10:26:16.165  INFO 14424 --- [main] o.s.j.e.a.AnnotationMBeanExporter        : Located MBean 'arbafDataSource': registering with JMX server as MBean [com.zaxxer.hikari:name=arbafDataSource,type=HikariDataSource]
2018-05-21 10:26:16.207  INFO 14424 --- [main] o.s.b.w.embedded.tomcat.TomcatWebServer  : Tomcat started on port(s): 8080 (http) with context path '/pm_auth'
2018-05-21 10:26:16.210  INFO 14424 --- [main] c.h.a.AuthenticationApplication          : Started AuthenticationApplication in 10.93 seconds (JVM running for 12.669)
2018-05-21 10:26:16.685  INFO 14424 --- [RMI TCP Connection(6)-127.0.0.1] com.zaxxer.hikari.HikariDataSource       : HikariPool-2 - Starting...
2018-05-21 10:26:16.688  INFO 14424 --- [RMI TCP Connection(5)-127.0.0.1] o.a.c.c.C.[.[localhost].[/pm_auth]       : Initializing Spring FrameworkServlet 'dispatcherServlet'
2018-05-21 10:26:16.688  INFO 14424 --- [RMI TCP Connection(5)-127.0.0.1] o.s.web.servlet.DispatcherServlet        : FrameworkServlet 'dispatcherServlet': initialization started
2018-05-21 10:26:16.709  INFO 14424 --- [RMI TCP Connection(5)-127.0.0.1] o.s.web.servlet.DispatcherServlet        : FrameworkServlet 'dispatcherServlet': initialization completed in 21 ms
2018-05-21 10:26:17.020  INFO 14424 --- [RMI TCP Connection(6)-127.0.0.1] com.zaxxer.hikari.pool.PoolBase          : HikariPool-2 - Driver does not support get/set network timeout for connections. (com.microsoft.sqlserver.jdbc.SQLServerConnection.getNetworkTimeout()I)
2018-05-21 10:26:17.052  INFO 14424 --- [RMI TCP Connection(6)-127.0.0.1] com.zaxxer.hikari.HikariDataSource       : HikariPool-2 - Start completed.
2018-05-21 10:27:20.705  INFO 14424 --- [http-nio-8080-exec-1] c.h.a.security.jwt.JWTLoginFilter        : usercom.heb.authentication.security.HebUserDetails@6ea19bc4: Username: sadc001; Password: [PROTECTED]; Enabled: false; AccountNonExpired: false; credentialsNonExpired: false; AccountNonLocked: false; Granted Authorities: Permission: TEMP_RSRC EDIT,Permission: TEMP_RSRC VIEW,Role ADMIN: ADMIN USER,Role USER: Pricing Analyst
2018-05-21 10:27:20.952  INFO 14424 --- [http-nio-8080-exec-1] o.h.h.i.QueryTranslatorFactoryInitiator  : HHH000397: Using ASTQueryTranslatorFactory
2018-05-21 10:36:52.182  INFO 14424 --- [http-nio-8080-exec-4] c.h.a.security.jwt.JWTLoginFilter        : usercom.heb.authentication.security.HebUserDetails@6ea19bc4: Username: sadc001; Password: [PROTECTED]; Enabled: false; AccountNonExpired: false; credentialsNonExpired: false; AccountNonLocked: false; Granted Authorities: Permission: TEMP_RSRC EDIT,Permission: TEMP_RSRC VIEW,Role ADMIN: ADMIN USER,Role USER: Pricing Analyst
2018-05-21 10:52:19.091  WARN 14424 --- [HikariPool-2 housekeeper] com.zaxxer.hikari.pool.HikariPool        : HikariPool-2 - Thread starvation or clock leap detected (housekeeper delta=8m31s962ms418µs391ns).
2018-05-21 10:52:44.693  WARN 14424 --- [HikariPool-1 housekeeper] com.zaxxer.hikari.pool.HikariPool        : HikariPool-1 - Thread starvation or clock leap detected (housekeeper delta=8m31s942ms926µs760ns).
2018-05-21 11:08:49.348  WARN 14424 --- [HikariPool-1 housekeeper] com.zaxxer.hikari.pool.HikariPool        : HikariPool-1 - Thread starvation or clock leap detected (housekeeper delta=16m4s741ms355µs849ns).
2018-05-21 11:08:56.133  WARN 14424 --- [HikariPool-2 housekeeper] com.zaxxer.hikari.pool.HikariPool        : HikariPool-2 - Thread starvation or clock leap detected (housekeeper delta=16m4s575ms601µs698ns).
2018-05-21 11:10:37.407  INFO 9672 --- [main] c.h.a.AuthenticationApplication          : Starting AuthenticationApplication on L-JBDT6H2 with PID 9672 (C:\Users\o792389\IdeaProjects\pm-authentication-api\out\production\classes started by o792389 in C:\Users\o792389\IdeaProjects\pm-authentication-api)
2018-05-21 11:10:37.412  INFO 9672 --- [main] c.h.a.AuthenticationApplication          : The following profiles are active: dev
2018-05-21 11:10:37.536  INFO 9672 --- [main] ConfigServletWebServerApplicationContext : Refreshing org.springframework.boot.web.servlet.context.AnnotationConfigServletWebServerApplicationContext@42bc14c1: startup date [Mon May 21 11:10:37 CDT 2018]; root of context hierarchy
2018-05-21 11:10:40.131  INFO 9672 --- [main] trationDelegate$BeanPostProcessorChecker : Bean 'org.springframework.transaction.annotation.ProxyTransactionManagementConfiguration' of type [org.springframework.transaction.annotation.ProxyTransactionManagementConfiguration$$EnhancerBySpringCGLIB$$e564a4ae] is not eligible for getting processed by all BeanPostProcessors (for example: not eligible for auto-proxying)
2018-05-21 11:10:40.213  INFO 9672 --- [main] trationDelegate$BeanPostProcessorChecker : Bean 'org.springframework.security.config.annotation.configuration.ObjectPostProcessorConfiguration' of type [org.springframework.security.config.annotation.configuration.ObjectPostProcessorConfiguration$$EnhancerBySpringCGLIB$$7e126ce8] is not eligible for getting processed by all BeanPostProcessors (for example: not eligible for auto-proxying)
2018-05-21 11:10:40.228  INFO 9672 --- [main] trationDelegate$BeanPostProcessorChecker : Bean 'objectPostProcessor' of type [org.springframework.security.config.annotation.configuration.AutowireBeanFactoryObjectPostProcessor] is not eligible for getting processed by all BeanPostProcessors (for example: not eligible for auto-proxying)
2018-05-21 11:10:40.230  INFO 9672 --- [main] trationDelegate$BeanPostProcessorChecker : Bean 'org.springframework.security.access.expression.method.DefaultMethodSecurityExpressionHandler@6c1cfa53' of type [org.springframework.security.access.expression.method.DefaultMethodSecurityExpressionHandler] is not eligible for getting processed by all BeanPostProcessors (for example: not eligible for auto-proxying)
2018-05-21 11:10:40.238  INFO 9672 --- [main] trationDelegate$BeanPostProcessorChecker : Bean 'org.springframework.security.config.annotation.method.configuration.GlobalMethodSecurityConfiguration' of type [org.springframework.security.config.annotation.method.configuration.GlobalMethodSecurityConfiguration$$EnhancerBySpringCGLIB$$a2e70f9a] is not eligible for getting processed by all BeanPostProcessors (for example: not eligible for auto-proxying)
2018-05-21 11:10:40.256  INFO 9672 --- [main] trationDelegate$BeanPostProcessorChecker : Bean 'methodSecurityMetadataSource' of type [org.springframework.security.access.method.DelegatingMethodSecurityMetadataSource] is not eligible for getting processed by all BeanPostProcessors (for example: not eligible for auto-proxying)
2018-05-21 11:10:40.760  INFO 9672 --- [main] o.s.b.w.embedded.tomcat.TomcatWebServer  : Tomcat initialized with port(s): 8080 (http)
2018-05-21 11:10:40.790  INFO 9672 --- [main] o.apache.catalina.core.StandardService   : Starting service [Tomcat]
2018-05-21 11:10:40.790  INFO 9672 --- [main] org.apache.catalina.core.StandardEngine  : Starting Servlet Engine: Apache Tomcat/8.5.29
2018-05-21 11:10:40.807  INFO 9672 --- [localhost-startStop-1] o.a.catalina.core.AprLifecycleListener   : The APR based Apache Tomcat Native library which allows optimal performance in production environments was not found on the java.library.path: [C:\Program Files\Java\jdk1.8.0_162\bin;C:\Windows\Sun\Java\bin;C:\Windows\system32;C:\Windows;C:\Program Files\Docker\Docker\Resources\bin;C:\Program Files (x86)\Intel\iCLS Client\;C:\Program Files\Intel\iCLS Client\;c:\Program Files (x86)\RSA SecurID Token Common;C:\ProgramData\Oracle\Java\javapath;C:\Windows\system32;C:\Windows;C:\Windows\System32\Wbem;C:\Windows\System32\WindowsPowerShell\v1.0\;C:\Windows\CCM;C:\Program Files (x86)\FortisWeb\;C:\Program Files (x86)\FortisWeb\Viewers;C:\Program Files (x86)\Intel\Intel(R) Management Engine Components\DAL;C:\Program Files\Intel\Intel(R) Management Engine Components\DAL;C:\Program Files (x86)\Intel\Intel(R) Management Engine Components\IPT;C:\Program Files\Intel\Intel(R) Management Engine Components\IPT;C:\Program Files\Intel\WiFi\bin\;C:\Program Files\Common Files\Intel\WirelessCommon\;C:\Program Files\PuTTY\;C:\Program Files\MySQL\MySQL Utilities 1.6\;C:\Gradle\gradle-2.2.1\bin;C:\Program Files\Java\jdk1.8.0_162\bin;C:\Program Files\Java\jdk-9.0.1;C:\Apache\apache-maven-3.5.2-bin;C:\Program Files\nodejs\;C:\Users\o792389\AppData\Local\Microsoft\WindowsApps;C:\Gradle\gradle-4.4.1-all\bin;C:\Users\o792389\AppData\Roaming\npm;.]
2018-05-21 11:10:41.226  INFO 9672 --- [localhost-startStop-1] o.a.c.c.C.[.[localhost].[/pm_auth]       : Initializing Spring embedded WebApplicationContext
2018-05-21 11:10:41.227  INFO 9672 --- [localhost-startStop-1] o.s.web.context.ContextLoader            : Root WebApplicationContext: initialization completed in 3692 ms
2018-05-21 11:10:42.941  INFO 9672 --- [localhost-startStop-1] com.zaxxer.hikari.HikariDataSource       : HikariPool-1 - Starting...
2018-05-21 11:10:43.718  INFO 9672 --- [localhost-startStop-1] com.zaxxer.hikari.pool.PoolBase          : HikariPool-1 - Driver does not support get/set network timeout for connections. (oracle.jdbc.driver.T4CConnection.getNetworkTimeout()I)
2018-05-21 11:10:43.756  INFO 9672 --- [localhost-startStop-1] com.zaxxer.hikari.HikariDataSource       : HikariPool-1 - Start completed.
2018-05-21 11:10:43.845  INFO 9672 --- [localhost-startStop-1] j.LocalContainerEntityManagerFactoryBean : Building JPA container EntityManagerFactory for persistence unit 'default'
2018-05-21 11:10:43.876  INFO 9672 --- [localhost-startStop-1] o.hibernate.jpa.internal.util.LogHelper  : HHH000204: Processing PersistenceUnitInfo [
	name: default
	...]
2018-05-21 11:10:44.119  INFO 9672 --- [localhost-startStop-1] org.hibernate.Version                    : HHH000412: Hibernate Core {5.2.16.Final}
2018-05-21 11:10:44.124  INFO 9672 --- [localhost-startStop-1] org.hibernate.cfg.Environment            : HHH000206: hibernate.properties not found
2018-05-21 11:10:44.242  INFO 9672 --- [localhost-startStop-1] o.hibernate.annotations.common.Version   : HCANN000001: Hibernate Commons Annotations {5.0.1.Final}
2018-05-21 11:10:44.535  INFO 9672 --- [localhost-startStop-1] org.hibernate.dialect.Dialect            : HHH000400: Using dialect: org.hibernate.dialect.Oracle10gDialect
2018-05-21 11:10:45.432  INFO 9672 --- [localhost-startStop-1] j.LocalContainerEntityManagerFactoryBean : Initialized JPA EntityManagerFactory for persistence unit 'default'
2018-05-21 11:10:46.675  INFO 9672 --- [localhost-startStop-1] o.s.b.w.servlet.FilterRegistrationBean   : Mapping filter: 'characterEncodingFilter' to: [/*]
2018-05-21 11:10:46.681  INFO 9672 --- [localhost-startStop-1] o.s.b.w.servlet.FilterRegistrationBean   : Mapping filter: 'hiddenHttpMethodFilter' to: [/*]
2018-05-21 11:10:46.688  INFO 9672 --- [localhost-startStop-1] o.s.b.w.servlet.FilterRegistrationBean   : Mapping filter: 'httpPutFormContentFilter' to: [/*]
2018-05-21 11:10:46.693  INFO 9672 --- [localhost-startStop-1] o.s.b.w.servlet.FilterRegistrationBean   : Mapping filter: 'requestContextFilter' to: [/*]
2018-05-21 11:10:46.694  INFO 9672 --- [localhost-startStop-1] .s.DelegatingFilterProxyRegistrationBean : Mapping filter: 'springSecurityFilterChain' to: [/*]
2018-05-21 11:10:46.695  INFO 9672 --- [localhost-startStop-1] o.s.b.w.servlet.FilterRegistrationBean   : Mapping filter: 'httpTraceFilter' to: [/*]
2018-05-21 11:10:46.695  INFO 9672 --- [localhost-startStop-1] o.s.b.w.servlet.FilterRegistrationBean   : Mapping filter: 'webMvcMetricsFilter' to: [/*]
2018-05-21 11:10:46.701  INFO 9672 --- [localhost-startStop-1] o.s.b.w.servlet.FilterRegistrationBean   : Mapping filter: 'loginFilter' to: [/*]
2018-05-21 11:10:46.701  INFO 9672 --- [localhost-startStop-1] o.s.b.w.servlet.FilterRegistrationBean   : Mapping filter: 'AuthFilter' to: [/*]
2018-05-21 11:10:46.702  INFO 9672 --- [localhost-startStop-1] o.s.b.w.servlet.ServletRegistrationBean  : Servlet dispatcherServlet mapped to [/]
2018-05-21 11:10:46.777  INFO 9672 --- [main] s.s.l.DefaultSpringSecurityContextSource :  URL 'ldap://cert-ovd.heb.com:389', root DN is ''
2018-05-21 11:10:47.015  INFO 9672 --- [main] s.s.l.DefaultSpringSecurityContextSource :  URL 'ldap://cert-ovd.heb.com:389', root DN is ''
2018-05-21 11:10:47.119  INFO 9672 --- [main] o.s.s.web.DefaultSecurityFilterChain     : Creating filter chain: Ant [pattern='/token'], []
2018-05-21 11:10:47.234  INFO 9672 --- [main] o.s.s.web.DefaultSecurityFilterChain     : Creating filter chain: org.springframework.security.web.util.matcher.AnyRequestMatcher@1, [org.springframework.security.web.context.request.async.WebAsyncManagerIntegrationFilter@7ebe2e47, org.springframework.security.web.context.SecurityContextPersistenceFilter@481558ce, org.springframework.security.web.header.HeaderWriterFilter@7bc58891, org.springframework.security.web.authentication.logout.LogoutFilter@31f295b6, com.heb.authentication.security.jwt.JWTLoginFilter@5eb472e5, com.heb.authentication.security.jwt.JWTAuthenticationFilter@6ae02548, org.springframework.security.web.savedrequest.RequestCacheAwareFilter@7f353a0f, org.springframework.security.web.servletapi.SecurityContextHolderAwareRequestFilter@17043b04, org.springframework.security.web.authentication.AnonymousAuthenticationFilter@609319c3, org.springframework.security.web.session.SessionManagementFilter@554188ac, org.springframework.security.web.access.ExceptionTranslationFilter@488f3dd1, org.springframework.security.web.access.intercept.FilterSecurityInterceptor@706ddbc8]
2018-05-21 11:10:47.468  INFO 9672 --- [main] o.s.w.s.handler.SimpleUrlHandlerMapping  : Mapped URL path [/**/favicon.ico] onto handler of type [class org.springframework.web.servlet.resource.ResourceHttpRequestHandler]
2018-05-21 11:10:47.658  INFO 9672 --- [main] s.w.s.m.m.a.RequestMappingHandlerAdapter : Looking for @ControllerAdvice: org.springframework.boot.web.servlet.context.AnnotationConfigServletWebServerApplicationContext@42bc14c1: startup date [Mon May 21 11:10:37 CDT 2018]; root of context hierarchy
2018-05-21 11:10:47.771  WARN 9672 --- [main] aWebConfiguration$JpaWebMvcConfiguration : spring.jpa.open-in-view is enabled by default. Therefore, database queries may be performed during view rendering. Explicitly configure spring.jpa.open-in-view to disable this warning
2018-05-21 11:10:47.824  INFO 9672 --- [main] s.w.s.m.m.a.RequestMappingHandlerMapping : Mapped "{[/token],methods=[GET],produces=[application/json]}" onto public java.util.List<java.lang.String> com.heb.authentication.controller.RefreshTokenEndpoint.refreshToken(javax.servlet.http.HttpServletRequest,javax.servlet.http.HttpServletResponse) throws java.io.IOException,javax.servlet.ServletException
2018-05-21 11:10:47.828  INFO 9672 --- [main] s.w.s.m.m.a.RequestMappingHandlerMapping : Mapped "{[/error]}" onto public org.springframework.http.ResponseEntity<java.util.Map<java.lang.String, java.lang.Object>> org.springframework.boot.autoconfigure.web.servlet.error.BasicErrorController.error(javax.servlet.http.HttpServletRequest)
2018-05-21 11:10:47.828  INFO 9672 --- [main] s.w.s.m.m.a.RequestMappingHandlerMapping : Mapped "{[/error],produces=[text/html]}" onto public org.springframework.web.servlet.ModelAndView org.springframework.boot.autoconfigure.web.servlet.error.BasicErrorController.errorHtml(javax.servlet.http.HttpServletRequest,javax.servlet.http.HttpServletResponse)
2018-05-21 11:10:47.932  INFO 9672 --- [main] o.s.w.s.handler.SimpleUrlHandlerMapping  : Mapped URL path [/webjars/**] onto handler of type [class org.springframework.web.servlet.resource.ResourceHttpRequestHandler]
2018-05-21 11:10:47.932  INFO 9672 --- [main] o.s.w.s.handler.SimpleUrlHandlerMapping  : Mapped URL path [/**] onto handler of type [class org.springframework.web.servlet.resource.ResourceHttpRequestHandler]
2018-05-21 11:10:47.954  INFO 9672 --- [main] .m.m.a.ExceptionHandlerExceptionResolver : Detected @ExceptionHandler methods in globalExceptionHandler
2018-05-21 11:10:48.716  INFO 9672 --- [main] o.s.b.a.e.web.EndpointLinksResolver      : Exposing 2 endpoint(s) beneath base path '/actuator'
2018-05-21 11:10:48.746  INFO 9672 --- [main] s.b.a.e.w.s.WebMvcEndpointHandlerMapping : Mapped "{[/actuator/health],methods=[GET],produces=[application/vnd.spring-boot.actuator.v2+json || application/json]}" onto public java.lang.Object org.springframework.boot.actuate.endpoint.web.servlet.AbstractWebMvcEndpointHandlerMapping$OperationHandler.handle(javax.servlet.http.HttpServletRequest,java.util.Map<java.lang.String, java.lang.String>)
2018-05-21 11:10:48.749  INFO 9672 --- [main] s.b.a.e.w.s.WebMvcEndpointHandlerMapping : Mapped "{[/actuator/info],methods=[GET],produces=[application/vnd.spring-boot.actuator.v2+json || application/json]}" onto public java.lang.Object org.springframework.boot.actuate.endpoint.web.servlet.AbstractWebMvcEndpointHandlerMapping$OperationHandler.handle(javax.servlet.http.HttpServletRequest,java.util.Map<java.lang.String, java.lang.String>)
2018-05-21 11:10:48.751  INFO 9672 --- [main] s.b.a.e.w.s.WebMvcEndpointHandlerMapping : Mapped "{[/actuator],methods=[GET],produces=[application/vnd.spring-boot.actuator.v2+json || application/json]}" onto protected java.util.Map<java.lang.String, java.util.Map<java.lang.String, org.springframework.boot.actuate.endpoint.web.Link>> org.springframework.boot.actuate.endpoint.web.servlet.WebMvcEndpointHandlerMapping.links(javax.servlet.http.HttpServletRequest,javax.servlet.http.HttpServletResponse)
2018-05-21 11:10:48.982  INFO 9672 --- [main] o.s.j.e.a.AnnotationMBeanExporter        : Registering beans for JMX exposure on startup
2018-05-21 11:10:48.990  INFO 9672 --- [main] o.s.j.e.a.AnnotationMBeanExporter        : Bean with name 'arbafDataSource' has been autodetected for JMX exposure
2018-05-21 11:10:48.999  INFO 9672 --- [main] o.s.j.e.a.AnnotationMBeanExporter        : Bean with name 'primaryDataSource' has been autodetected for JMX exposure
2018-05-21 11:10:49.014  INFO 9672 --- [main] o.s.j.e.a.AnnotationMBeanExporter        : Located MBean 'primaryDataSource': registering with JMX server as MBean [com.zaxxer.hikari:name=primaryDataSource,type=HikariDataSource]
2018-05-21 11:10:49.026  INFO 9672 --- [main] o.s.j.e.a.AnnotationMBeanExporter        : Located MBean 'arbafDataSource': registering with JMX server as MBean [com.zaxxer.hikari:name=arbafDataSource,type=HikariDataSource]
2018-05-21 11:10:49.105  INFO 9672 --- [main] o.s.b.w.embedded.tomcat.TomcatWebServer  : Tomcat started on port(s): 8080 (http) with context path '/pm_auth'
2018-05-21 11:10:49.112  INFO 9672 --- [main] c.h.a.AuthenticationApplication          : Started AuthenticationApplication in 12.586 seconds (JVM running for 15.353)
2018-05-21 11:10:49.751  INFO 9672 --- [RMI TCP Connection(4)-127.0.0.1] com.zaxxer.hikari.HikariDataSource       : HikariPool-2 - Starting...
2018-05-21 11:10:49.760  INFO 9672 --- [RMI TCP Connection(5)-127.0.0.1] o.a.c.c.C.[.[localhost].[/pm_auth]       : Initializing Spring FrameworkServlet 'dispatcherServlet'
2018-05-21 11:10:49.760  INFO 9672 --- [RMI TCP Connection(5)-127.0.0.1] o.s.web.servlet.DispatcherServlet        : FrameworkServlet 'dispatcherServlet': initialization started
2018-05-21 11:10:49.803  INFO 9672 --- [RMI TCP Connection(5)-127.0.0.1] o.s.web.servlet.DispatcherServlet        : FrameworkServlet 'dispatcherServlet': initialization completed in 43 ms
2018-05-21 11:10:50.215  INFO 9672 --- [RMI TCP Connection(4)-127.0.0.1] com.zaxxer.hikari.pool.PoolBase          : HikariPool-2 - Driver does not support get/set network timeout for connections. (com.microsoft.sqlserver.jdbc.SQLServerConnection.getNetworkTimeout()I)
2018-05-21 11:10:50.286  INFO 9672 --- [RMI TCP Connection(4)-127.0.0.1] com.zaxxer.hikari.HikariDataSource       : HikariPool-2 - Start completed.
2018-05-21 11:16:25.861  INFO 9672 --- [http-nio-8080-exec-2] c.h.a.security.jwt.JWTLoginFilter        : usercom.heb.authentication.security.HebUserDetails@6ea19bc4: Username: sadc001; Password: [PROTECTED]; Enabled: false; AccountNonExpired: false; credentialsNonExpired: false; AccountNonLocked: false; Granted Authorities: Permission: TEMP_RSRC EDIT,Permission: TEMP_RSRC VIEW,Role ADMIN: ADMIN USER,Role USER: Pricing Analyst
2018-05-21 11:16:49.539  INFO 9672 --- [http-nio-8080-exec-2] o.h.h.i.QueryTranslatorFactoryInitiator  : HHH000397: Using ASTQueryTranslatorFactory
2018-05-21 11:18:55.051  WARN 9672 --- [HikariPool-1 housekeeper] com.zaxxer.hikari.pool.HikariPool        : HikariPool-1 - Thread starvation or clock leap detected (housekeeper delta=1m1s681ms209µs548ns).
2018-05-21 11:18:55.051  WARN 9672 --- [HikariPool-2 housekeeper] com.zaxxer.hikari.pool.HikariPool        : HikariPool-2 - Thread starvation or clock leap detected (housekeeper delta=1m1s540ms855µs132ns).
2018-05-21 11:21:05.002  INFO 10624 --- [main] c.h.a.AuthenticationApplication          : Starting AuthenticationApplication on L-JBDT6H2 with PID 10624 (C:\Users\o792389\IdeaProjects\pm-authentication-api\out\production\classes started by o792389 in C:\Users\o792389\IdeaProjects\pm-authentication-api)
2018-05-21 11:21:05.015  INFO 10624 --- [main] c.h.a.AuthenticationApplication          : The following profiles are active: dev
2018-05-21 11:21:05.112  INFO 10624 --- [main] ConfigServletWebServerApplicationContext : Refreshing org.springframework.boot.web.servlet.context.AnnotationConfigServletWebServerApplicationContext@1d9b7cce: startup date [Mon May 21 11:21:05 CDT 2018]; root of context hierarchy
2018-05-21 11:21:09.309  INFO 10624 --- [main] trationDelegate$BeanPostProcessorChecker : Bean 'org.springframework.transaction.annotation.ProxyTransactionManagementConfiguration' of type [org.springframework.transaction.annotation.ProxyTransactionManagementConfiguration$$EnhancerBySpringCGLIB$$216b0fcd] is not eligible for getting processed by all BeanPostProcessors (for example: not eligible for auto-proxying)
2018-05-21 11:21:09.391  INFO 10624 --- [main] trationDelegate$BeanPostProcessorChecker : Bean 'org.springframework.security.config.annotation.configuration.ObjectPostProcessorConfiguration' of type [org.springframework.security.config.annotation.configuration.ObjectPostProcessorConfiguration$$EnhancerBySpringCGLIB$$ba18d807] is not eligible for getting processed by all BeanPostProcessors (for example: not eligible for auto-proxying)
2018-05-21 11:21:09.402  INFO 10624 --- [main] trationDelegate$BeanPostProcessorChecker : Bean 'objectPostProcessor' of type [org.springframework.security.config.annotation.configuration.AutowireBeanFactoryObjectPostProcessor] is not eligible for getting processed by all BeanPostProcessors (for example: not eligible for auto-proxying)
2018-05-21 11:21:09.404  INFO 10624 --- [main] trationDelegate$BeanPostProcessorChecker : Bean 'org.springframework.security.access.expression.method.DefaultMethodSecurityExpressionHandler@42e22a53' of type [org.springframework.security.access.expression.method.DefaultMethodSecurityExpressionHandler] is not eligible for getting processed by all BeanPostProcessors (for example: not eligible for auto-proxying)
2018-05-21 11:21:09.411  INFO 10624 --- [main] trationDelegate$BeanPostProcessorChecker : Bean 'org.springframework.security.config.annotation.method.configuration.GlobalMethodSecurityConfiguration' of type [org.springframework.security.config.annotation.method.configuration.GlobalMethodSecurityConfiguration$$EnhancerBySpringCGLIB$$deed7ab9] is not eligible for getting processed by all BeanPostProcessors (for example: not eligible for auto-proxying)
2018-05-21 11:21:09.430  INFO 10624 --- [main] trationDelegate$BeanPostProcessorChecker : Bean 'methodSecurityMetadataSource' of type [org.springframework.security.access.method.DelegatingMethodSecurityMetadataSource] is not eligible for getting processed by all BeanPostProcessors (for example: not eligible for auto-proxying)
2018-05-21 11:21:10.060  INFO 10624 --- [main] o.s.b.w.embedded.tomcat.TomcatWebServer  : Tomcat initialized with port(s): 8080 (http)
2018-05-21 11:21:10.100  INFO 10624 --- [main] o.apache.catalina.core.StandardService   : Starting service [Tomcat]
2018-05-21 11:21:10.101  INFO 10624 --- [main] org.apache.catalina.core.StandardEngine  : Starting Servlet Engine: Apache Tomcat/8.5.29
2018-05-21 11:21:10.118  INFO 10624 --- [localhost-startStop-1] o.a.catalina.core.AprLifecycleListener   : The APR based Apache Tomcat Native library which allows optimal performance in production environments was not found on the java.library.path: [C:\Program Files\Java\jdk1.8.0_162\bin;C:\Windows\Sun\Java\bin;C:\Windows\system32;C:\Windows;C:\Program Files\Docker\Docker\Resources\bin;C:\Program Files (x86)\Intel\iCLS Client\;C:\Program Files\Intel\iCLS Client\;c:\Program Files (x86)\RSA SecurID Token Common;C:\ProgramData\Oracle\Java\javapath;C:\Windows\system32;C:\Windows;C:\Windows\System32\Wbem;C:\Windows\System32\WindowsPowerShell\v1.0\;C:\Windows\CCM;C:\Program Files (x86)\FortisWeb\;C:\Program Files (x86)\FortisWeb\Viewers;C:\Program Files (x86)\Intel\Intel(R) Management Engine Components\DAL;C:\Program Files\Intel\Intel(R) Management Engine Components\DAL;C:\Program Files (x86)\Intel\Intel(R) Management Engine Components\IPT;C:\Program Files\Intel\Intel(R) Management Engine Components\IPT;C:\Program Files\Intel\WiFi\bin\;C:\Program Files\Common Files\Intel\WirelessCommon\;C:\Program Files\PuTTY\;C:\Program Files\MySQL\MySQL Utilities 1.6\;C:\Gradle\gradle-2.2.1\bin;C:\Program Files\Java\jdk1.8.0_162\bin;C:\Program Files\Java\jdk-9.0.1;C:\Apache\apache-maven-3.5.2-bin;C:\Program Files\nodejs\;C:\Users\o792389\AppData\Local\Microsoft\WindowsApps;C:\Gradle\gradle-4.4.1-all\bin;C:\Users\o792389\AppData\Roaming\npm;.]
2018-05-21 11:21:11.001  INFO 10624 --- [localhost-startStop-1] o.a.c.c.C.[.[localhost].[/pm_auth]       : Initializing Spring embedded WebApplicationContext
2018-05-21 11:21:11.016  INFO 10624 --- [localhost-startStop-1] o.s.web.context.ContextLoader            : Root WebApplicationContext: initialization completed in 5903 ms
2018-05-21 11:21:13.020  INFO 10624 --- [localhost-startStop-1] com.zaxxer.hikari.HikariDataSource       : HikariPool-1 - Starting...
2018-05-21 11:21:13.622  INFO 10624 --- [localhost-startStop-1] com.zaxxer.hikari.pool.PoolBase          : HikariPool-1 - Driver does not support get/set network timeout for connections. (oracle.jdbc.driver.T4CConnection.getNetworkTimeout()I)
2018-05-21 11:21:13.651  INFO 10624 --- [localhost-startStop-1] com.zaxxer.hikari.HikariDataSource       : HikariPool-1 - Start completed.
2018-05-21 11:21:13.733  INFO 10624 --- [localhost-startStop-1] j.LocalContainerEntityManagerFactoryBean : Building JPA container EntityManagerFactory for persistence unit 'default'
2018-05-21 11:21:13.751  INFO 10624 --- [localhost-startStop-1] o.hibernate.jpa.internal.util.LogHelper  : HHH000204: Processing PersistenceUnitInfo [
	name: default
	...]
2018-05-21 11:21:13.962  INFO 10624 --- [localhost-startStop-1] org.hibernate.Version                    : HHH000412: Hibernate Core {5.2.16.Final}
2018-05-21 11:21:13.965  INFO 10624 --- [localhost-startStop-1] org.hibernate.cfg.Environment            : HHH000206: hibernate.properties not found
2018-05-21 11:21:14.035  INFO 10624 --- [localhost-startStop-1] o.hibernate.annotations.common.Version   : HCANN000001: Hibernate Commons Annotations {5.0.1.Final}
2018-05-21 11:21:14.259  INFO 10624 --- [localhost-startStop-1] org.hibernate.dialect.Dialect            : HHH000400: Using dialect: org.hibernate.dialect.Oracle10gDialect
2018-05-21 11:21:15.025  INFO 10624 --- [localhost-startStop-1] j.LocalContainerEntityManagerFactoryBean : Initialized JPA EntityManagerFactory for persistence unit 'default'
2018-05-21 11:21:16.062  INFO 10624 --- [localhost-startStop-1] o.s.b.w.servlet.FilterRegistrationBean   : Mapping filter: 'characterEncodingFilter' to: [/*]
2018-05-21 11:21:16.069  INFO 10624 --- [localhost-startStop-1] o.s.b.w.servlet.FilterRegistrationBean   : Mapping filter: 'hiddenHttpMethodFilter' to: [/*]
2018-05-21 11:21:16.075  INFO 10624 --- [localhost-startStop-1] o.s.b.w.servlet.FilterRegistrationBean   : Mapping filter: 'httpPutFormContentFilter' to: [/*]
2018-05-21 11:21:16.083  INFO 10624 --- [localhost-startStop-1] o.s.b.w.servlet.FilterRegistrationBean   : Mapping filter: 'requestContextFilter' to: [/*]
2018-05-21 11:21:16.084  INFO 10624 --- [localhost-startStop-1] .s.DelegatingFilterProxyRegistrationBean : Mapping filter: 'springSecurityFilterChain' to: [/*]
2018-05-21 11:21:16.085  INFO 10624 --- [localhost-startStop-1] o.s.b.w.servlet.FilterRegistrationBean   : Mapping filter: 'httpTraceFilter' to: [/*]
2018-05-21 11:21:16.085  INFO 10624 --- [localhost-startStop-1] o.s.b.w.servlet.FilterRegistrationBean   : Mapping filter: 'webMvcMetricsFilter' to: [/*]
2018-05-21 11:21:16.091  INFO 10624 --- [localhost-startStop-1] o.s.b.w.servlet.FilterRegistrationBean   : Mapping filter: 'loginFilter' to: [/*]
2018-05-21 11:21:16.091  INFO 10624 --- [localhost-startStop-1] o.s.b.w.servlet.FilterRegistrationBean   : Mapping filter: 'AuthFilter' to: [/*]
2018-05-21 11:21:16.091  INFO 10624 --- [localhost-startStop-1] o.s.b.w.servlet.ServletRegistrationBean  : Servlet dispatcherServlet mapped to [/]
2018-05-21 11:21:16.144  INFO 10624 --- [main] s.s.l.DefaultSpringSecurityContextSource :  URL 'ldap://cert-ovd.heb.com:389', root DN is ''
2018-05-21 11:21:16.303  INFO 10624 --- [main] s.s.l.DefaultSpringSecurityContextSource :  URL 'ldap://cert-ovd.heb.com:389', root DN is ''
2018-05-21 11:21:16.411  INFO 10624 --- [main] o.s.s.web.DefaultSecurityFilterChain     : Creating filter chain: Ant [pattern='/token'], []
2018-05-21 11:21:16.494  INFO 10624 --- [main] o.s.s.web.DefaultSecurityFilterChain     : Creating filter chain: org.springframework.security.web.util.matcher.AnyRequestMatcher@1, [org.springframework.security.web.context.request.async.WebAsyncManagerIntegrationFilter@7479b626, org.springframework.security.web.context.SecurityContextPersistenceFilter@671facee, org.springframework.security.web.header.HeaderWriterFilter@5cb5bb88, org.springframework.security.web.authentication.logout.LogoutFilter@3f92a84e, com.heb.authentication.security.jwt.JWTLoginFilter@564e93af, com.heb.authentication.security.jwt.JWTAuthenticationFilter@6cbf56e3, org.springframework.security.web.savedrequest.RequestCacheAwareFilter@154bd49b, org.springframework.security.web.servletapi.SecurityContextHolderAwareRequestFilter@2e53b094, org.springframework.security.web.authentication.AnonymousAuthenticationFilter@e8ea697, org.springframework.security.web.session.SessionManagementFilter@5580d62f, org.springframework.security.web.access.ExceptionTranslationFilter@5c1f6d57, org.springframework.security.web.access.intercept.FilterSecurityInterceptor@5e2a3040]
2018-05-21 11:21:16.719  INFO 10624 --- [main] o.s.w.s.handler.SimpleUrlHandlerMapping  : Mapped URL path [/**/favicon.ico] onto handler of type [class org.springframework.web.servlet.resource.ResourceHttpRequestHandler]
2018-05-21 11:21:16.852  INFO 10624 --- [main] s.w.s.m.m.a.RequestMappingHandlerAdapter : Looking for @ControllerAdvice: org.springframework.boot.web.servlet.context.AnnotationConfigServletWebServerApplicationContext@1d9b7cce: startup date [Mon May 21 11:21:05 CDT 2018]; root of context hierarchy
2018-05-21 11:21:16.902  WARN 10624 --- [main] aWebConfiguration$JpaWebMvcConfiguration : spring.jpa.open-in-view is enabled by default. Therefore, database queries may be performed during view rendering. Explicitly configure spring.jpa.open-in-view to disable this warning
2018-05-21 11:21:16.969  INFO 10624 --- [main] s.w.s.m.m.a.RequestMappingHandlerMapping : Mapped "{[/token],methods=[GET],produces=[application/json]}" onto public java.util.List<java.lang.String> com.heb.authentication.controller.RefreshTokenEndpoint.refreshToken(javax.servlet.http.HttpServletRequest,javax.servlet.http.HttpServletResponse) throws java.io.IOException,javax.servlet.ServletException
2018-05-21 11:21:16.972  INFO 10624 --- [main] s.w.s.m.m.a.RequestMappingHandlerMapping : Mapped "{[/error]}" onto public org.springframework.http.ResponseEntity<java.util.Map<java.lang.String, java.lang.Object>> org.springframework.boot.autoconfigure.web.servlet.error.BasicErrorController.error(javax.servlet.http.HttpServletRequest)
2018-05-21 11:21:16.972  INFO 10624 --- [main] s.w.s.m.m.a.RequestMappingHandlerMapping : Mapped "{[/error],produces=[text/html]}" onto public org.springframework.web.servlet.ModelAndView org.springframework.boot.autoconfigure.web.servlet.error.BasicErrorController.errorHtml(javax.servlet.http.HttpServletRequest,javax.servlet.http.HttpServletResponse)
2018-05-21 11:21:17.040  INFO 10624 --- [main] o.s.w.s.handler.SimpleUrlHandlerMapping  : Mapped URL path [/webjars/**] onto handler of type [class org.springframework.web.servlet.resource.ResourceHttpRequestHandler]
2018-05-21 11:21:17.040  INFO 10624 --- [main] o.s.w.s.handler.SimpleUrlHandlerMapping  : Mapped URL path [/**] onto handler of type [class org.springframework.web.servlet.resource.ResourceHttpRequestHandler]
2018-05-21 11:21:17.062  INFO 10624 --- [main] .m.m.a.ExceptionHandlerExceptionResolver : Detected @ExceptionHandler methods in globalExceptionHandler
2018-05-21 11:21:17.676  INFO 10624 --- [main] o.s.b.a.e.web.EndpointLinksResolver      : Exposing 2 endpoint(s) beneath base path '/actuator'
2018-05-21 11:21:17.691  INFO 10624 --- [main] s.b.a.e.w.s.WebMvcEndpointHandlerMapping : Mapped "{[/actuator/health],methods=[GET],produces=[application/vnd.spring-boot.actuator.v2+json || application/json]}" onto public java.lang.Object org.springframework.boot.actuate.endpoint.web.servlet.AbstractWebMvcEndpointHandlerMapping$OperationHandler.handle(javax.servlet.http.HttpServletRequest,java.util.Map<java.lang.String, java.lang.String>)
2018-05-21 11:21:17.692  INFO 10624 --- [main] s.b.a.e.w.s.WebMvcEndpointHandlerMapping : Mapped "{[/actuator/info],methods=[GET],produces=[application/vnd.spring-boot.actuator.v2+json || application/json]}" onto public java.lang.Object org.springframework.boot.actuate.endpoint.web.servlet.AbstractWebMvcEndpointHandlerMapping$OperationHandler.handle(javax.servlet.http.HttpServletRequest,java.util.Map<java.lang.String, java.lang.String>)
2018-05-21 11:21:17.693  INFO 10624 --- [main] s.b.a.e.w.s.WebMvcEndpointHandlerMapping : Mapped "{[/actuator],methods=[GET],produces=[application/vnd.spring-boot.actuator.v2+json || application/json]}" onto protected java.util.Map<java.lang.String, java.util.Map<java.lang.String, org.springframework.boot.actuate.endpoint.web.Link>> org.springframework.boot.actuate.endpoint.web.servlet.WebMvcEndpointHandlerMapping.links(javax.servlet.http.HttpServletRequest,javax.servlet.http.HttpServletResponse)
2018-05-21 11:21:17.802  INFO 10624 --- [main] o.s.j.e.a.AnnotationMBeanExporter        : Registering beans for JMX exposure on startup
2018-05-21 11:21:17.803  INFO 10624 --- [main] o.s.j.e.a.AnnotationMBeanExporter        : Bean with name 'arbafDataSource' has been autodetected for JMX exposure
2018-05-21 11:21:17.803  INFO 10624 --- [main] o.s.j.e.a.AnnotationMBeanExporter        : Bean with name 'primaryDataSource' has been autodetected for JMX exposure
2018-05-21 11:21:17.811  INFO 10624 --- [main] o.s.j.e.a.AnnotationMBeanExporter        : Located MBean 'primaryDataSource': registering with JMX server as MBean [com.zaxxer.hikari:name=primaryDataSource,type=HikariDataSource]
2018-05-21 11:21:17.821  INFO 10624 --- [main] o.s.j.e.a.AnnotationMBeanExporter        : Located MBean 'arbafDataSource': registering with JMX server as MBean [com.zaxxer.hikari:name=arbafDataSource,type=HikariDataSource]
2018-05-21 11:21:17.867  INFO 10624 --- [main] o.s.b.w.embedded.tomcat.TomcatWebServer  : Tomcat started on port(s): 8080 (http) with context path '/pm_auth'
2018-05-21 11:21:17.871  INFO 10624 --- [main] c.h.a.AuthenticationApplication          : Started AuthenticationApplication in 13.63 seconds (JVM running for 17.512)
2018-05-21 11:21:18.513  INFO 10624 --- [RMI TCP Connection(8)-127.0.0.1] com.zaxxer.hikari.HikariDataSource       : HikariPool-2 - Starting...
2018-05-21 11:21:18.521  INFO 10624 --- [RMI TCP Connection(6)-127.0.0.1] o.a.c.c.C.[.[localhost].[/pm_auth]       : Initializing Spring FrameworkServlet 'dispatcherServlet'
2018-05-21 11:21:18.522  INFO 10624 --- [RMI TCP Connection(6)-127.0.0.1] o.s.web.servlet.DispatcherServlet        : FrameworkServlet 'dispatcherServlet': initialization started
2018-05-21 11:21:18.570  INFO 10624 --- [RMI TCP Connection(6)-127.0.0.1] o.s.web.servlet.DispatcherServlet        : FrameworkServlet 'dispatcherServlet': initialization completed in 48 ms
2018-05-21 11:21:18.756  INFO 10624 --- [RMI TCP Connection(8)-127.0.0.1] com.zaxxer.hikari.pool.PoolBase          : HikariPool-2 - Driver does not support get/set network timeout for connections. (com.microsoft.sqlserver.jdbc.SQLServerConnection.getNetworkTimeout()I)
2018-05-21 11:21:19.126  INFO 10624 --- [RMI TCP Connection(8)-127.0.0.1] com.zaxxer.hikari.HikariDataSource       : HikariPool-2 - Start completed.
2018-05-21 11:21:27.377  INFO 10624 --- [http-nio-8080-exec-2] c.h.a.security.jwt.JWTLoginFilter        : usercom.heb.authentication.security.HebUserDetails@6ea19bc4: Username: sadc001; Password: [PROTECTED]; Enabled: false; AccountNonExpired: false; credentialsNonExpired: false; AccountNonLocked: false; Granted Authorities: Permission: TEMP_RSRC EDIT,Permission: TEMP_RSRC VIEW,Role ADMIN: ADMIN USER,Role USER: Pricing Analyst
2018-05-21 11:21:27.469  INFO 10624 --- [http-nio-8080-exec-2] o.h.h.i.QueryTranslatorFactoryInitiator  : HHH000397: Using ASTQueryTranslatorFactory
